c:\users\tr1ı5153\documents\vısual studıo 2015\projects\createjson\createjson\debug\createjson.pch
c:\users\tr1ı5153\documents\vısual studıo 2015\projects\createjson\createjson\debug\vc140.pdb
c:\users\tr1ı5153\documents\vısual studıo 2015\projects\createjson\createjson\debug\vc140.ıdb
c:\users\tr1ı5153\documents\vısual studıo 2015\projects\createjson\createjson\debug\stdafx.obj
c:\users\tr1ı5153\documents\vısual studıo 2015\projects\createjson\createjson\debug\createjson.obj
c:\users\tr1ı5153\documents\vısual studıo 2015\projects\createjson\createjson\debug\json.obj
c:\users\tr1ı5153\documents\vısual studıo 2015\projects\createjson\debug\createjson.ılk
c:\users\tr1ı5153\documents\vısual studıo 2015\projects\createjson\debug\createjson.exe
c:\users\tr1ı5153\documents\vısual studıo 2015\projects\createjson\debug\createjson.pdb
c:\users\tr1i5153\documents\visual studio 2015\projects\createjson\createjson\debug\createjson.obj
c:\users\tr1i5153\documents\visual studio 2015\projects\createjson\createjson\debug\json.obj
c:\users\tr1i5153\documents\visual studio 2015\projects\createjson\createjson\debug\stdafx.obj
c:\users\tr1i5153\documents\visual studio 2015\projects\createjson\createjson\debug\createjson.pch
c:\users\tr1i5153\documents\visual studio 2015\projects\createjson\createjson\debug\vc140.idb
c:\users\tr1i5153\documents\visual studio 2015\projects\createjson\createjson\debug\vc140.pdb
c:\users\tr1i5153\documents\visual studio 2015\projects\createjson\debug\createjson.pdb
c:\users\tr1i5153\documents\visual studio 2015\projects\createjson\debug\createjson.exe
c:\users\tr1i5153\documents\visual studio 2015\projects\createjson\debug\createjson.ilk
c:\users\tr1i5153\documents\visual studio 2015\projects\createjson\createjson\debug\createjson.tlog\cl.command.1.tlog
c:\users\tr1i5153\documents\visual studio 2015\projects\createjson\createjson\debug\createjson.tlog\cl.read.1.tlog
c:\users\tr1i5153\documents\visual studio 2015\projects\createjson\createjson\debug\createjson.tlog\cl.write.1.tlog
c:\users\tr1i5153\documents\visual studio 2015\projects\createjson\createjson\debug\createjson.tlog\link.command.1.tlog
c:\users\tr1i5153\documents\visual studio 2015\projects\createjson\createjson\debug\createjson.tlog\link.read.1.tlog
c:\users\tr1i5153\documents\visual studio 2015\projects\createjson\createjson\debug\createjson.tlog\link.write.1.tlog
